{
  "0 debug pnpm:scope": {
    "selected": 1
  },
  "1 error pnpm": {
    "code": "ELIFECYCLE",
    "errno": "ENOENT",
    "syscall": "spawn",
    "file": "sh",
    "pkgid": "wwb-components@0.1.0",
    "stage": "storybook",
    "script": "start-storybook -p 6006",
    "pkgname": "wwb-components",
    "err": {
      "name": "pnpm",
      "message": "wwb-components@0.1.0 storybook: `start-storybook -p 6006`\nspawn ENOENT",
      "code": "ELIFECYCLE",
      "stack": "pnpm: wwb-components@0.1.0 storybook: `start-storybook -p 6006`\nspawn ENOENT\n    at ChildProcess.<anonymous> (/usr/local/lib/node_modules/pnpm/dist/pnpm.cjs:92204:22)\n    at ChildProcess.emit (events.js:315:20)\n    at maybeClose (internal/child_process.js:1048:16)\n    at Process.ChildProcess._handle.onexit (internal/child_process.js:288:5)"
    }
  },
  "2 warn pnpm:global": " Local package.json exists, but node_modules missing, did you mean to install?"
}